<?xml version="1.0" encoding="UTF-8"?>
<!-- Generated by org.testng.reporters.JUnitReportReporter -->
<testsuite hostname="TMP648-G3-M" failures="0" tests="2" name="appTests.AppTest" time="0.018" errors="0" timestamp="13 Oct 2021 05:26:34 GMT" skipped="0">
  <testcase classname="appTests.AppTest" name="loginTest1" time="0.016"/>
  <testcase classname="appTests.AppTest" name="loginTest2" time="0.002"/>
</testsuite> <!-- appTests.AppTest -->
