<?xml version="1.0" encoding="UTF-8"?>
<!-- Generated by org.testng.reporters.JUnitReportReporter -->
<testsuite skipped="0" hostname="TMP648-G3-M" name="appTests.AppTest" tests="2" failures="0" timestamp="13 Oct 2021 09:42:01 GMT" time="0.011" errors="0">
  <testcase name="loginTest1" time="0.010" classname="appTests.AppTest"/>
  <testcase name="loginTest2" time="0.001" classname="appTests.AppTest"/>
</testsuite> <!-- appTests.AppTest -->
