<?xml version="1.0" encoding="UTF-8"?>
<!-- Generated by org.testng.reporters.JUnitReportReporter -->
<testsuite skipped="0" hostname="TMP648-G3-M" name="appTests.SeleniumDev" tests="1" failures="0" timestamp="13 Oct 2021 09:42:01 GMT" time="2.294" errors="0">
  <testcase name="titleTest" time="2.294" classname="appTests.SeleniumDev"/>
</testsuite> <!-- appTests.SeleniumDev -->
